[General]
FirstMinTempSavedOn=44763

[HDR]
Samsung SSD 970 EVO 1TB (953867 MB)_S5H9NS1NA20590J=1070

[HDW]
Samsung SSD 970 EVO 1TB (953867 MB)_S5H9NS1NA20590J=1060

[Sta_Samsung SSD 970 EVO 1TB (953867 MB)_S5H9NS1NA20590J]
44763=42,38.57,7,99,36,28025059
MaxTempEverC=42
MaxTempEverCFound=44763.90371,21/07/2022 9:41:20 p. m.
MinTempEverC=36
MinTempEverCFound=44763.89329,21/07/2022 9:26:19 p. m.
MaxTempByDriveC=42
Dates=44763

[Sta_WDC WD10SPCX-24HWST1 (953867 MB)_WD-WXK1A958FUK8]
44763=27,24.14,7,100,23,-1
MaxTempEverC=27
MaxTempEverCFound=44763.90718,21/07/2022 9:46:20 p. m.
MinTempEverC=22
MinTempEverCFound=44763.88977,21/07/2022 9:21:16 p. m.
MaxTempByDriveC=77
Dates=44763

[CurrentDrives]
DriveList=#0: Samsung SSD 970 EVO 1TB / S5H9NS1NA20590J (953867 MB)	#1: WDC WD10SPCX-24HWST1 / WD-WXK1A958FUK8 (953867 MB)

